<?xml version="1.0" encoding="UTF-8"?>
<!-- Generated by org.testng.reporters.JUnitReportReporter -->
<testsuite hostname="DESKTOP-8V979BB" failures="0" tests="1" name="com.example.testng.Registertest" time="5.276" errors="0" timestamp="2022-10-01T19:29:45 IST" skipped="0">
  <testcase classname="com.example.testng.Registertest" name="signUp" time="5.276"/>
  <system-out/>
</testsuite> <!-- com.example.testng.Registertest -->
