<?xml version="1.0" encoding="UTF-8"?>
<!-- Generated by org.testng.reporters.JUnitReportReporter -->
<testsuite hostname="DESKTOP-8V979BB" failures="0" tests="7" name="com.test.FlipkartAutomateEdge" time="38.703" errors="0" timestamp="2022-10-11T23:08:20 IST" skipped="0">
  <testcase classname="com.test.FlipkartAutomateEdge" name="closeLogin" time="1.864"/>
  <system-out/>
  <testcase classname="com.test.FlipkartAutomateEdge" name="scroll" time="6.718"/>
  <system-out/>
  <testcase classname="com.test.FlipkartAutomateEdge" name="searchProduct" time="5.870"/>
  <system-out/>
  <testcase classname="com.test.FlipkartAutomateEdge" name="loadImage" time="13.559"/>
  <system-out/>
  <testcase classname="com.test.FlipkartAutomateEdge" name="scrollFrequency" time="2.485"/>
  <system-out/>
  <testcase classname="com.test.FlipkartAutomateEdge" name="downloadImages" time="0.290"/>
  <system-out/>
  <testcase classname="com.test.FlipkartAutomateEdge" name="screenResolution" time="7.917"/>
  <system-out/>
</testsuite> <!-- com.test.FlipkartAutomateEdge -->
